This is pdfTeX, Version 3.141592653-2.6-1.40.26 (TeX Live 2024/Arch Linux) (preloaded format=pdflatex 2024.10.10)  4 DEC 2024 12:22
entering extended mode
 restricted \write18 enabled.
 file:line:error style messages enabled.
 %&-line parsing enabled.
**/home/ian/Documents/Repos/Chem_AI/Documentation/Documentation.tex
(/home/ian/Documents/Repos/Chem_AI/Documentation/Documentation.tex
LaTeX2e <2023-11-01> patch level 1
L3 programming layer <2024-02-20>
(/usr/share/texmf-dist/tex/latex/base/article.cls
Document Class: article 2023/05/17 v1.4n Standard LaTeX document class
(/usr/share/texmf-dist/tex/latex/base/size11.clo
File: size11.clo 2023/05/17 v1.4n Standard LaTeX file (size option)
)
\c@part=\count188
\c@section=\count189
\c@subsection=\count190
\c@subsubsection=\count191
\c@paragraph=\count192
\c@subparagraph=\count193
\c@figure=\count194
\c@table=\count195
\abovecaptionskip=\skip48
\belowcaptionskip=\skip49
\bibindent=\dimen140
) (/usr/share/texmf-dist/tex/latex/base/inputenc.sty
Package: inputenc 2021/02/14 v1.3d Input encoding file
\inpenc@prehook=\toks17
\inpenc@posthook=\toks18
) (/usr/share/texmf-dist/tex/latex/base/fontenc.sty
Package: fontenc 2021/04/29 v2.0v Standard LaTeX package
) (/usr/share/texmf-dist/tex/latex/graphics/graphicx.sty
Package: graphicx 2021/09/16 v1.2d Enhanced LaTeX Graphics (DPC,SPQR)
 (/usr/share/texmf-dist/tex/latex/graphics/keyval.sty
Package: keyval 2022/05/29 v1.15 key=value parser (DPC)
\KV@toks@=\toks19
) (/usr/share/texmf-dist/tex/latex/graphics/graphics.sty
Package: graphics 2022/03/10 v1.4e Standard LaTeX Graphics (DPC,SPQR)
 (/usr/share/texmf-dist/tex/latex/graphics/trig.sty
Package: trig 2021/08/11 v1.11 sin cos tan (DPC)
) (/usr/share/texmf-dist/tex/latex/graphics-cfg/graphics.cfg
File: graphics.cfg 2016/06/04 v1.11 sample graphics configuration
)
Package graphics Info: Driver file: pdftex.def on input line 107.
 (/usr/share/texmf-dist/tex/latex/graphics-def/pdftex.def
File: pdftex.def 2022/09/22 v1.2b Graphics/color driver for pdftex
))
\Gin@req@height=\dimen141
\Gin@req@width=\dimen142
) (/usr/share/texmf-dist/tex/latex/hyperref/hyperref.sty
Package: hyperref 2024-01-20 v7.01h Hypertext links for LaTeX
 (/usr/share/texmf-dist/tex/generic/iftex/iftex.sty
Package: iftex 2022/02/03 v1.0f TeX engine tests
) (/usr/share/texmf-dist/tex/latex/kvsetkeys/kvsetkeys.sty
Package: kvsetkeys 2022-10-05 v1.19 Key value parser (HO)
) (/usr/share/texmf-dist/tex/generic/kvdefinekeys/kvdefinekeys.sty
Package: kvdefinekeys 2019-12-19 v1.6 Define keys (HO)
) (/usr/share/texmf-dist/tex/generic/pdfescape/pdfescape.sty
Package: pdfescape 2019/12/09 v1.15 Implements pdfTeX's escape features (HO)
 (/usr/share/texmf-dist/tex/generic/ltxcmds/ltxcmds.sty
Package: ltxcmds 2023-12-04 v1.26 LaTeX kernel commands for general use (HO)
) (/usr/share/texmf-dist/tex/generic/pdftexcmds/pdftexcmds.sty
Package: pdftexcmds 2020-06-27 v0.33 Utility functions of pdfTeX for LuaTeX (HO)
 (/usr/share/texmf-dist/tex/generic/infwarerr/infwarerr.sty
Package: infwarerr 2019/12/03 v1.5 Providing info/warning/error messages (HO)
)
Package pdftexcmds Info: \pdf@primitive is available.
Package pdftexcmds Info: \pdf@ifprimitive is available.
Package pdftexcmds Info: \pdfdraftmode found.
)) (/usr/share/texmf-dist/tex/latex/hycolor/hycolor.sty
Package: hycolor 2020-01-27 v1.10 Color options for hyperref/bookmark (HO)
) (/usr/share/texmf-dist/tex/latex/auxhook/auxhook.sty
Package: auxhook 2019-12-17 v1.6 Hooks for auxiliary files (HO)
) (/usr/share/texmf-dist/tex/latex/hyperref/nameref.sty
Package: nameref 2023-11-26 v2.56 Cross-referencing by name of section
 (/usr/share/texmf-dist/tex/latex/refcount/refcount.sty
Package: refcount 2019/12/15 v3.6 Data extraction from label references (HO)
) (/usr/share/texmf-dist/tex/generic/gettitlestring/gettitlestring.sty
Package: gettitlestring 2019/12/15 v1.6 Cleanup title references (HO)
 (/usr/share/texmf-dist/tex/latex/kvoptions/kvoptions.sty
Package: kvoptions 2022-06-15 v3.15 Key value format for package options (HO)
))
\c@section@level=\count196
) (/usr/share/texmf-dist/tex/latex/etoolbox/etoolbox.sty
Package: etoolbox 2020/10/05 v2.5k e-TeX tools for LaTeX (JAW)
\etb@tempcnta=\count197
)
\@linkdim=\dimen143
\Hy@linkcounter=\count198
\Hy@pagecounter=\count199
 (/usr/share/texmf-dist/tex/latex/hyperref/pd1enc.def
File: pd1enc.def 2024-01-20 v7.01h Hyperref: PDFDocEncoding definition (HO)
Now handling font encoding PD1 ...
... no UTF-8 mapping file for font encoding PD1
) (/usr/share/texmf-dist/tex/generic/intcalc/intcalc.sty
Package: intcalc 2019/12/15 v1.3 Expandable calculations with integers (HO)
)
\Hy@SavedSpaceFactor=\count266
 (/usr/share/texmf-dist/tex/latex/hyperref/puenc.def
File: puenc.def 2024-01-20 v7.01h Hyperref: PDF Unicode definition (HO)
Now handling font encoding PU ...
... no UTF-8 mapping file for font encoding PU
)
Package hyperref Info: Hyper figures OFF on input line 4179.
Package hyperref Info: Link nesting OFF on input line 4184.
Package hyperref Info: Hyper index ON on input line 4187.
Package hyperref Info: Plain pages OFF on input line 4194.
Package hyperref Info: Backreferencing OFF on input line 4199.
Package hyperref Info: Implicit mode ON; LaTeX internals redefined.
Package hyperref Info: Bookmarks ON on input line 4446.
\c@Hy@tempcnt=\count267
 (/usr/share/texmf-dist/tex/latex/url/url.sty
\Urlmuskip=\muskip16
Package: url 2013/09/16  ver 3.4  Verb mode for urls, etc.
)
LaTeX Info: Redefining \url on input line 4784.
\XeTeXLinkMargin=\dimen144
 (/usr/share/texmf-dist/tex/generic/bitset/bitset.sty
Package: bitset 2019/12/09 v1.3 Handle bit-vector datatype (HO)
 (/usr/share/texmf-dist/tex/generic/bigintcalc/bigintcalc.sty
Package: bigintcalc 2019/12/15 v1.5 Expandable calculations on big integers (HO)
))
\Fld@menulength=\count268
\Field@Width=\dimen145
\Fld@charsize=\dimen146
Package hyperref Info: Hyper figures OFF on input line 6063.
Package hyperref Info: Link nesting OFF on input line 6068.
Package hyperref Info: Hyper index ON on input line 6071.
Package hyperref Info: backreferencing OFF on input line 6078.
Package hyperref Info: Link coloring OFF on input line 6083.
Package hyperref Info: Link coloring with OCG OFF on input line 6088.
Package hyperref Info: PDF/A mode OFF on input line 6093.
 (/usr/share/texmf-dist/tex/latex/base/atbegshi-ltx.sty
Package: atbegshi-ltx 2021/01/10 v1.0c Emulation of the original atbegshi
package with kernel methods
)
\Hy@abspage=\count269
\c@Item=\count270
\c@Hfootnote=\count271
)
Package hyperref Info: Driver (autodetected): hpdftex.
 (/usr/share/texmf-dist/tex/latex/hyperref/hpdftex.def
File: hpdftex.def 2024-01-20 v7.01h Hyperref driver for pdfTeX
 (/usr/share/texmf-dist/tex/latex/base/atveryend-ltx.sty
Package: atveryend-ltx 2020/08/19 v1.0a Emulation of the original atveryend package
with kernel methods
)
\Fld@listcount=\count272
\c@bookmark@seq@number=\count273
 (/usr/share/texmf-dist/tex/latex/rerunfilecheck/rerunfilecheck.sty
Package: rerunfilecheck 2022-07-10 v1.10 Rerun checks for auxiliary files (HO)
 (/usr/share/texmf-dist/tex/generic/uniquecounter/uniquecounter.sty
Package: uniquecounter 2019/12/15 v1.4 Provide unlimited unique counter (HO)
)
Package uniquecounter Info: New unique counter `rerunfilecheck' on input line 285.
)
\Hy@SectionHShift=\skip50
) (/usr/share/texmf-dist/tex/latex/graphics/color.sty
Package: color 2022/01/06 v1.3d Standard LaTeX Color (DPC)
 (/usr/share/texmf-dist/tex/latex/graphics-cfg/color.cfg
File: color.cfg 2016/01/02 v1.6 sample color configuration
)
Package color Info: Driver file: pdftex.def on input line 149.
 (/usr/share/texmf-dist/tex/latex/graphics/mathcolor.ltx)) (/usr/share/texmf-dist/tex/latex/l3backend/l3backend-pdftex.def
File: l3backend-pdftex.def 2024-02-20 L3 backend support: PDF output (pdfTeX)
\l__color_backend_stack_int=\count274
\l__pdf_internal_box=\box51
) (./Documentation.aux

LaTeX Warning: Label `fig:ir_spectrum' multiply defined.


LaTeX Warning: Label `fig:ir_spectrum' multiply defined.


LaTeX Warning: Label `fig:ir_spectrum' multiply defined.

)
\openout1 = `Documentation.aux'.

LaTeX Font Info:    Checking defaults for OML/cmm/m/it on input line 16.
LaTeX Font Info:    ... okay on input line 16.
LaTeX Font Info:    Checking defaults for OMS/cmsy/m/n on input line 16.
LaTeX Font Info:    ... okay on input line 16.
LaTeX Font Info:    Checking defaults for OT1/cmr/m/n on input line 16.
LaTeX Font Info:    ... okay on input line 16.
LaTeX Font Info:    Checking defaults for T1/cmr/m/n on input line 16.
LaTeX Font Info:    ... okay on input line 16.
LaTeX Font Info:    Checking defaults for TS1/cmr/m/n on input line 16.
LaTeX Font Info:    ... okay on input line 16.
LaTeX Font Info:    Checking defaults for OMX/cmex/m/n on input line 16.
LaTeX Font Info:    ... okay on input line 16.
LaTeX Font Info:    Checking defaults for U/cmr/m/n on input line 16.
LaTeX Font Info:    ... okay on input line 16.
LaTeX Font Info:    Checking defaults for PD1/pdf/m/n on input line 16.
LaTeX Font Info:    ... okay on input line 16.
LaTeX Font Info:    Checking defaults for PU/pdf/m/n on input line 16.
LaTeX Font Info:    ... okay on input line 16.
 (/usr/share/texmf-dist/tex/context/base/mkii/supp-pdf.mkii
[Loading MPS to PDF converter (version 2006.09.02).]
\scratchcounter=\count275
\scratchdimen=\dimen147
\scratchbox=\box52
\nofMPsegments=\count276
\nofMParguments=\count277
\everyMPshowfont=\toks20
\MPscratchCnt=\count278
\MPscratchDim=\dimen148
\MPnumerator=\count279
\makeMPintoPDFobject=\count280
\everyMPtoPDFconversion=\toks21
) (/usr/share/texmf-dist/tex/latex/epstopdf-pkg/epstopdf-base.sty
Package: epstopdf-base 2020-01-24 v2.11 Base part for package epstopdf
Package epstopdf-base Info: Redefining graphics rule for `.eps' on input line 485.
 (/usr/share/texmf-dist/tex/latex/latexconfig/epstopdf-sys.cfg
File: epstopdf-sys.cfg 2010/07/13 v1.3 Configuration of (r)epstopdf for TeX Live
))
Package hyperref Info: Link coloring OFF on input line 16.
 (./Documentation.out) (./Documentation.out)
\@outlinefile=\write3
\openout3 = `Documentation.out'.

LaTeX Font Info:    External font `cmex10' loaded for size
(Font)              <12> on input line 20.
LaTeX Font Info:    External font `cmex10' loaded for size
(Font)              <8> on input line 20.
LaTeX Font Info:    External font `cmex10' loaded for size
(Font)              <6> on input line 20.

Overfull \hbox (4.23395pt too wide) in paragraph at lines 31--32
[]\T1/cmr/m/n/10.95 Inicialmente tes-ta-mos o uso de re-des neu-rais no re-con-hec-i-mento de molécu-
 []

[1

{/var/lib/texmf/fonts/map/pdftex/updmap/pdftex.map}]
<Images/spec.png, id=67, 632.3625pt x 422.57875pt>
File: Images/spec.png Graphic file (type png)
<use Images/spec.png>
Package pdftex.def Info: Images/spec.png  used on input line 40.
(pdftex.def)             Requested size: 288.0011pt x 192.46062pt.

Overfull \hbox (7.5977pt too wide) in paragraph at lines 45--46
[]\T1/cmr/m/n/10.95 Espectroscopia de in-fraver-melho é uma téc-nica analítica ver-sátil na química
 []

<Images/NN2.png, id=68, 709.14937pt x 334.24875pt>
File: Images/NN2.png Graphic file (type png)
<use Images/NN2.png>
Package pdftex.def Info: Images/NN2.png  used on input line 49.
(pdftex.def)             Requested size: 288.0011pt x 135.7474pt.
[2 <./Images/spec.png> <./Images/NN2.png>]
<Images/N2.png, id=78, 993.7125pt x 474.27188pt>
File: Images/N2.png Graphic file (type png)
<use Images/N2.png>
Package pdftex.def Info: Images/N2.png  used on input line 65.
(pdftex.def)             Requested size: 288.0011pt x 137.45572pt.
 [3 <./Images/N2.png>]
Overfull \hbox (0.19366pt too wide) in paragraph at lines 82--82
[]\T1/cmr/bx/n/12 SDBS Es-pec-trometría de IR - https://sdbs.db.aist.go.jp/ 
 []

<Images/Multi.png, id=85, 472.76625pt x 421.575pt>
File: Images/Multi.png Graphic file (type png)
<use Images/Multi.png>
Package pdftex.def Info: Images/Multi.png  used on input line 101.
(pdftex.def)             Requested size: 180.0pt x 160.50893pt.
[4]
LaTeX Font Info:    Trying to load font information for T1+cmtt on input line 107.
 (/usr/share/texmf-dist/tex/latex/base/t1cmtt.fd
File: t1cmtt.fd 2023/04/13 v2.5m Standard LaTeX font definitions
) [5 <./Images/Multi.png>] [6]
Overfull \hbox (386.90497pt too wide) in paragraph at lines 230--230
[]    \T1/cmtt/m/n/10.95 if mol.HasSubstructMatch(Chem.MolFromSmarts('[R]')) and not any(group in functional_groups for group in ["Aromatic", "Lactam"]):[] 
 []

[7]
Overfull \hbox (64.37782pt too wide) in paragraph at lines 230--230
[]        \T1/cmtt/m/n/10.95 "Alkyl halide", "Alcohol", "Aldehyde", "Ketone", "Carboxylic acid",[] 
 []


Overfull \hbox (58.71945pt too wide) in paragraph at lines 230--230
[]        \T1/cmtt/m/n/10.95 "Ester", "Ether", "Amine", "Amide", "Nitro", "Nitrile", "Sulfide",[] 
 []


Overfull \hbox (53.06108pt too wide) in paragraph at lines 230--230
[]        \T1/cmtt/m/n/10.95 "Sulfoxide", "Sulfone", "Phosphate", "Phenol", "Imine", "Alkene",[] 
 []


Overfull \hbox (13.45248pt too wide) in paragraph at lines 230--230
[]        \T1/cmtt/m/n/10.95 "Alkyne", "Thiol", "Acyl chloride", "Anhydride", "Lactam",[] 
 []


Overfull \hbox (75.69456pt too wide) in paragraph at lines 230--230
[]    \T1/cmtt/m/n/10.95 vector = [1 if group in functional_groups else 0 for group in all_groups][] 
 []

LaTeX Font Info:    External font `cmex10' loaded for size
(Font)              <10.95> on input line 241.

Overfull \hbox (32.1146pt too wide) in paragraph at lines 241--242
\T1/cmr/m/n/10.95 pro-jeto, disponível em []$\T1/cmtt/m/n/10.95 https : / / github . com / jeffrichardchemistry / pyCheckmol$[]\T1/cmr/m/n/10.95 ,
 []

[8]
Overfull \hbox (64.37782pt too wide) in paragraph at lines 293--293
[]        \T1/cmtt/m/n/10.95 nn.init.kaiming_normal_(self.fc1.weight, nonlinearity='leaky_relu')[] 
 []


Overfull \hbox (64.37782pt too wide) in paragraph at lines 293--293
[]        \T1/cmtt/m/n/10.95 nn.init.kaiming_normal_(self.fc2.weight, nonlinearity='leaky_relu')[] 
 []


Overfull \hbox (64.37782pt too wide) in paragraph at lines 293--293
[]        \T1/cmtt/m/n/10.95 nn.init.kaiming_normal_(self.fc3.weight, nonlinearity='leaky_relu')[] 
 []


Overfull \hbox (64.37782pt too wide) in paragraph at lines 293--293
[]        \T1/cmtt/m/n/10.95 nn.init.kaiming_normal_(self.fc4.weight, nonlinearity='leaky_relu')[] 
 []


Overfull \hbox (75.69456pt too wide) in paragraph at lines 293--293
[]        \T1/cmtt/m/n/10.95 x2 = F.leaky_relu(self.ln2(self.fc2(x1))) + x1  # Residual connection[] 
 []

[9] (./Documentation.aux)
 ***********
LaTeX2e <2023-11-01> patch level 1
L3 programming layer <2024-02-20>
 ***********


LaTeX Warning: There were multiply-defined labels.

Package rerunfilecheck Info: File `Documentation.out' has not changed.
(rerunfilecheck)             Checksum: 39C65B968AF460D4285C834E74D2F1E2;2714.
 ) 
Here is how much of TeX's memory you used:
 8732 strings out of 476076
 134156 string characters out of 5793774
 1936187 words of memory out of 5000000
 30722 multiletter control sequences out of 15000+600000
 568535 words of font info for 58 fonts, out of 8000000 for 9000
 14 hyphenation exceptions out of 8191
 75i,6n,79p,732b,587s stack positions out of 10000i,1000n,20000p,200000b,200000s
 </home/ian/.texlive/texmf-var/fonts/pk/ljfour/jknappen/ec/tcrm1095.600pk> </home/ian/.texlive/texmf-var/fonts/pk/ljfour/jknappen/ec/ectt1095.600pk> </home/ian/.texlive/texmf-var/fonts/pk/ljfour/jknappen/ec/ecbx1200.600pk> </home/ian/.texlive/texmf-var/fonts/pk/ljfour/jknappen/ec/ecrm1095.600pk> </home/ian/.texlive/texmf-var/fonts/pk/ljfour/jknappen/ec/ecbx1440.600pk> </home/ian/.texlive/texmf-var/fonts/pk/ljfour/jknappen/ec/ecrm1000.600pk> </home/ian/.texlive/texmf-var/fonts/pk/ljfour/jknappen/ec/ecbx1000.600pk> </home/ian/.texlive/texmf-var/fonts/pk/ljfour/jknappen/ec/ecrm1200.600pk> </home/ian/.texlive/texmf-var/fonts/pk/ljfour/jknappen/ec/ecrm1728.600pk>
Output written on Documentation.pdf (9 pages, 609095 bytes).
PDF statistics:
 457 PDF objects out of 1000 (max. 8388607)
 135 compressed objects within 2 object streams
 27 named destinations out of 1000 (max. 500000)
 125 words of extra memory for PDF output out of 10000 (max. 10000000)

